[2025-12-10 14:25:49] >> 🚀 开始完整部署
[2025-12-10 14:25:50] >> 停止现有服务...
[2025-12-10 14:25:50] [INFO] 停止 HTTP 服务...
[2025-12-10 14:26:03] [INFO] 所有服务已停止
[2025-12-10 14:26:03] >> 构建 Docker 镜像...
[2025-12-10 14:26:38] [INFO] 镜像构建完成
[2025-12-10 14:26:38] >> 启动服务...
[2025-12-10 14:27:49] >> 🚀 开始完整部署
[2025-12-10 14:27:49] >> 停止现有服务...
[2025-12-10 14:27:49] [INFO] 停止 HTTP 服务...
[2025-12-10 14:27:51] [INFO] 所有服务已停止
[2025-12-10 14:27:51] >> 构建 Docker 镜像...
[2025-12-10 14:27:53] [INFO] 镜像构建完成
[2025-12-10 14:27:53] >> 启动服务...
[2025-12-10 14:27:54] [INFO] 等待服务启动...
[2025-12-10 14:27:59] >> 检查服务健康状态...
[2025-12-10 14:27:59] [INFO] ✅ 后端服务健康
[2025-12-10 14:27:59] >> 服务状态
[2025-12-10 14:28:00] [INFO] 服务启动完成
[2025-12-10 14:30:41] >> 🔄 开始快速更新
[2025-12-10 14:30:42] >> 📦 备份数据
[2025-12-10 14:30:42] [INFO] 备份数据库...
[2025-12-10 14:30:42] [WARN] 数据库文件可能不存在
[2025-12-10 14:30:42] [INFO] 备份完成: /home/xhs/xiaohongshu/backups/backup_20251210_143042
[2025-12-10 14:30:42] >> 停止现有服务...
[2025-12-10 14:30:42] [INFO] 停止 HTTP 服务...
[2025-12-10 14:30:44] [INFO] 所有服务已停止
[2025-12-10 14:30:44] [INFO] 检查端口占用情况...
[2025-12-10 14:30:44] >> 构建 Docker 镜像...
[2025-12-10 14:31:00] [INFO] 镜像构建完成
[2025-12-10 14:31:00] >> 启动服务...
[2025-12-10 14:31:02] [INFO] 等待服务启动...
[2025-12-10 14:31:07] >> 检查服务健康状态...
[2025-12-10 14:31:07] [INFO] ✅ 后端服务健康
[2025-12-10 14:31:07] >> 服务状态
[2025-12-10 14:31:07] [INFO] 服务启动完成
[2025-12-10 14:31:07] [INFO] ✅ 更新完成
